
> @suprawall/dashboard@0.1.0 build
> next build

  Downloading swc package @next/swc-linux-arm64-gnu... to /sessions/sleepy-affectionate-hawking/.cache/next-swc
unhandledRejection TypeError: fetch failed
    at ignore-listed frames {
  [cause]: Error: getaddrinfo EAI_AGAIN registry.npmjs.org
      at ignore-listed frames {
    errno: -3001,
    code: 'EAI_AGAIN',
    syscall: 'getaddrinfo',
    hostname: 'registry.npmjs.org'
  }
}
npm error Lifecycle script `build` failed with error:
npm error code 1
npm error path /sessions/sleepy-affectionate-hawking/mnt/SupraWall/packages/dashboard
npm error workspace @suprawall/dashboard@0.1.0
npm error location /sessions/sleepy-affectionate-hawking/mnt/SupraWall/packages/dashboard
npm error command failed
npm error command sh -c next build
